<?xml version="1.0" encoding="UTF-8"?>
<testsuite xmlns:xsi="http://www.w3.org/2001/XMLSchema-instance" xsi:noNamespaceSchemaLocation="https://maven.apache.org/surefire/maven-surefire-plugin/xsd/surefire-test-report-3.0.xsd" version="3.0" name="com.mycompany.assignment.RegistrationTest" time="0.119" tests="6" errors="0" skipped="0" failures="0">
  <properties>
[...]
</properties>
  <testcase name="testValidPassword" classname="com.mycompany.assignment.RegistrationTest" time="0.031">
    <system-out><![CDATA[Password successfully captured.
]]></system-out>
  </testcase>
  <testcase name="testInvalidCellNumber" classname="com.mycompany.assignment.RegistrationTest" time="0.003">
    <system-out><![CDATA[cellphone is not correctly formatted.
]]></system-out>
  </testcase>
  <testcase name="testInvalidUsername" classname="com.mycompany.assignment.RegistrationTest" time="0.002">
    <system-out><![CDATA[username is in correctly formatted 
]]></system-out>
  </testcase>
  <testcase name="testInvalidPassword" classname="com.mycompany.assignment.RegistrationTest" time="0.005">
    <system-out><![CDATA[Password is not correctly formatted.
]]></system-out>
  </testcase>
  <testcase name="testValidCellNumber" classname="com.mycompany.assignment.RegistrationTest" time="0.002">
    <system-out><![CDATA[cell number successfully captured.
]]></system-out>
  </testcase>
  <testcase name="testValidUsername" classname="com.mycompany.assignment.RegistrationTest" time="0.002">
    <system-out><![CDATA[Username successfully captured.
]]></system-out>
  </testcase>
</testsuite>